This is pdfTeX, Version 3.1415926-2.5-1.40.14 (TeX Live 2013/Debian) (format=pdflatex 2015.11.28)  8 MAY 2016 11:15
entering extended mode
 restricted \write18 enabled.
 %&-line parsing enabled.
**of_book.tex
(./of_book.tex
LaTeX2e <2011/06/27>
Babel <3.9h> and hyphenation patterns for 5 languages loaded.
(/usr/share/texlive/texmf-dist/tex/latex/base/book.cls
Document Class: book 2007/10/19 v1.4h Standard LaTeX document class
(/usr/share/texlive/texmf-dist/tex/latex/base/bk11.clo
File: bk11.clo 2007/10/19 v1.4h Standard LaTeX file (size option)
)
\c@part=\count79
\c@chapter=\count80
\c@section=\count81
\c@subsection=\count82
\c@subsubsection=\count83
\c@paragraph=\count84
\c@subparagraph=\count85
\c@figure=\count86
\c@table=\count87
\abovecaptionskip=\skip41
\belowcaptionskip=\skip42
\bibindent=\dimen102
)
(/usr/share/texlive/texmf-dist/tex/latex/graphics/color.sty
Package: color 2005/11/14 v1.0j Standard LaTeX Color (DPC)

(/usr/share/texlive/texmf-dist/tex/latex/latexconfig/color.cfg
File: color.cfg 2007/01/18 v1.5 color configuration of teTeX/TeXLive
)
Package color Info: Driver file: pdftex.def on input line 130.

(/usr/share/texlive/texmf-dist/tex/latex/pdftex-def/pdftex.def
File: pdftex.def 2011/05/27 v0.06d Graphics/color for pdfTeX

(/usr/share/texlive/texmf-dist/tex/generic/oberdiek/infwarerr.sty
Package: infwarerr 2010/04/08 v1.3 Providing info/warning/error messages (HO)
)
(/usr/share/texlive/texmf-dist/tex/generic/oberdiek/ltxcmds.sty
Package: ltxcmds 2011/11/09 v1.22 LaTeX kernel commands for general use (HO)
)
\Gread@gobject=\count88
))
(/usr/share/texlive/texmf-dist/tex/latex/layouts/layouts.sty
Package: layouts 2009/09/02 v2.6d graphical depiction of document elements
\l@ylen=\skip43
\layoutsbox=\box26
\l@youtunitlength=\skip44
\l@youtlinethick=\skip45
\l@youtlinethickii=\skip46
\l@ysetupparskip=\skip47
\l@ysetupbaselineskip=\skip48
\l@yonem=\skip49
\l@yonex=\skip50
\l@ylmarg=\skip51
\l@yrmarg=\skip52
\l@yitmindent=\skip53
\l@ylblwidth=\skip54
\l@ylblsep=\skip55
\l@ylparindent=\skip56
\l@ytsep=\skip57
\l@ypskip=\skip58
\l@yptsep=\skip59
\l@ypsep=\skip60
\l@yitmsep=\skip61
\l@ytok=\toks14
\l@youtpw=\count89
\l@youtph=\count90
\l@youthpi=\count91
\l@youthpii=\count92
\l@youthpiii=\count93
\l@youthpiv=\count94
\l@youthpv=\count95
\l@youthpvi=\count96
\l@youthpvii=\count97
\l@youtparskip=\count98
\l@youtvpi=\count99
\l@youtvpii=\count100
\l@youtvpiii=\count101
\l@youtvpiv=\count102
\l@youtvpv=\count103
\l@youtvpvi=\count104
\l@youtvpvii=\count105
\l@youthdo=\count106
\l@youthdi=\count107
\l@youthdii=\count108
\l@youthdiii=\count109
\l@youthdiv=\count110
\l@youthdv=\count111
\l@youthdvi=\count112
\l@youthdvii=\count113
\l@youtvdo=\count114
\l@youtvdi=\count115
\l@youtvdii=\count116
\l@youtvdiii=\count117
\l@youtvdiv=\count118
\l@youtvdv=\count119
\l@youtvdvi=\count120
\l@youtvdvii=\count121
\l@youtvdviii=\count122
\l@youtxci=\count123
\l@youtxcii=\count124
\l@youtxciii=\count125
\l@youtxciv=\count126
\l@youtxcv=\count127
\l@youtxcvi=\count128
\l@youtyci=\count129
\l@youtycii=\count130
\l@youtyciii=\count131
\l@youtyciv=\count132
\l@youtycv=\count133
\l@youtycvi=\count134
\l@youtycvii=\count135
\l@youtycviii=\count136
\l@youtxco=\count137
\l@youtyco=\count138
\l@ytempdima=\skip62
\stockwidth=\skip63
\stockheight=\skip64
\trimedge=\skip65
\trimtop=\skip66
\uppermargin=\skip67
\spinemargin=\skip68
)
(/usr/share/texlive/texmf-dist/tex/latex/cclicenses/cclicenses.sty
Package: cclicenses 2005/05/20 v0.4 CC licenses typesetting

(/usr/share/texlive/texmf-dist/tex/latex/rotating/rotating.sty
Package: rotating 2009/03/28 v2.16a rotated objects in LaTeX

(/usr/share/texlive/texmf-dist/tex/latex/graphics/graphicx.sty
Package: graphicx 1999/02/16 v1.0f Enhanced LaTeX Graphics (DPC,SPQR)

(/usr/share/texlive/texmf-dist/tex/latex/graphics/keyval.sty
Package: keyval 1999/03/16 v1.13 key=value parser (DPC)
\KV@toks@=\toks15
)
(/usr/share/texlive/texmf-dist/tex/latex/graphics/graphics.sty
Package: graphics 2009/02/05 v1.0o Standard LaTeX Graphics (DPC,SPQR)

(/usr/share/texlive/texmf-dist/tex/latex/graphics/trig.sty
Package: trig 1999/03/16 v1.09 sin cos tan (DPC)
)
(/usr/share/texlive/texmf-dist/tex/latex/latexconfig/graphics.cfg
File: graphics.cfg 2010/04/23 v1.9 graphics configuration of TeX Live
)
Package graphics Info: Driver file: pdftex.def on input line 91.
)
\Gin@req@height=\dimen103
\Gin@req@width=\dimen104
)
(/usr/share/texlive/texmf-dist/tex/latex/base/ifthen.sty
Package: ifthen 2001/05/26 v1.1c Standard LaTeX ifthen package (DPC)
)
\c@r@tfl@t=\count139
\rotFPtop=\skip69
\rotFPbot=\skip70
\rot@float@box=\box27
\rot@mess@toks=\toks16
)
\chardim=\dimen105
\hdim=\dimen106
\htmp=\dimen107
\hpos=\count140
\vpos=\count141
)
(/usr/share/texlive/texmf-dist/tex/latex/morefloats/morefloats.sty
Package: morefloats 2012/01/28 v1.0f Raise limit of unprocessed floats (HMM; DH
)

(/usr/share/texlive/texmf-dist/tex/latex/oberdiek/kvoptions.sty
Package: kvoptions 2011/06/30 v3.11 Key value format for package options (HO)

(/usr/share/texlive/texmf-dist/tex/generic/oberdiek/kvsetkeys.sty
Package: kvsetkeys 2012/04/25 v1.16 Key value parser (HO)

(/usr/share/texlive/texmf-dist/tex/generic/oberdiek/etexcmds.sty
Package: etexcmds 2011/02/16 v1.5 Avoid name clashes with e-TeX commands (HO)

(/usr/share/texlive/texmf-dist/tex/generic/oberdiek/ifluatex.sty
Package: ifluatex 2010/03/01 v1.3 Provides the ifluatex switch (HO)
Package ifluatex Info: LuaTeX not detected.
)
Package etexcmds Info: Could not find \expanded.
(etexcmds)             That can mean that you are not using pdfTeX 1.50 or
(etexcmds)             that some package has redefined \expanded.
(etexcmds)             In the latter case, load this package earlier.
)))
Package morefloats Info: Maximum number of possible floats asked for: 36.
(morefloats)             LaTeX might run out of memory before this
(morefloats)             (in which case it will notify you).
(morefloats)              on input line 171.
\bx@S=\insert233
\bx@T=\insert232
\bx@U=\insert231
\bx@V=\insert230
\bx@W=\insert229
\bx@X=\insert228
\bx@Y=\insert227
\bx@Z=\insert226
\bx@AA=\insert225
\bx@AB=\insert224
\bx@AC=\insert223
\bx@AD=\insert222
\bx@AE=\insert221
\bx@AF=\insert220
\bx@AG=\insert219
\bx@AH=\insert218
\bx@AI=\insert217
\bx@AJ=\insert216
)
(/usr/share/texlive/texmf-dist/tex/latex/paralist/paralist.sty
Package: paralist 2013/06/09 v2.4 Extended list environments
\pltopsep=\skip71
\plpartopsep=\skip72
\plitemsep=\skip73
\plparsep=\skip74
\pl@lab=\toks17
)
(/usr/share/texlive/texmf-dist/tex/latex/chngcntr/chngcntr.sty
Package: chngcntr 2009/09/02 v1.0a change counter resetting
)
(/usr/share/texlive/texmf-dist/tex/latex/fancyhdr/fancyhdr.sty
\fancy@headwidth=\skip75
\f@ncyO@elh=\skip76
\f@ncyO@erh=\skip77
\f@ncyO@olh=\skip78
\f@ncyO@orh=\skip79
\f@ncyO@elf=\skip80
\f@ncyO@erf=\skip81
\f@ncyO@olf=\skip82
\f@ncyO@orf=\skip83
)
(/usr/share/texlive/texmf-dist/tex/latex/amsmath/amsmath.sty
Package: amsmath 2013/01/14 v2.14 AMS math features
\@mathmargin=\skip84

For additional information on amsmath, use the `?' option.
(/usr/share/texlive/texmf-dist/tex/latex/amsmath/amstext.sty
Package: amstext 2000/06/29 v2.01

(/usr/share/texlive/texmf-dist/tex/latex/amsmath/amsgen.sty
File: amsgen.sty 1999/11/30 v2.0
\@emptytoks=\toks18
\ex@=\dimen108
))
(/usr/share/texlive/texmf-dist/tex/latex/amsmath/amsbsy.sty
Package: amsbsy 1999/11/29 v1.2d
\pmbraise@=\dimen109
)
(/usr/share/texlive/texmf-dist/tex/latex/amsmath/amsopn.sty
Package: amsopn 1999/12/14 v2.01 operator names
)
\inf@bad=\count142
LaTeX Info: Redefining \frac on input line 210.
\uproot@=\count143
\leftroot@=\count144
LaTeX Info: Redefining \overline on input line 306.
\classnum@=\count145
\DOTSCASE@=\count146
LaTeX Info: Redefining \ldots on input line 378.
LaTeX Info: Redefining \dots on input line 381.
LaTeX Info: Redefining \cdots on input line 466.
\Mathstrutbox@=\box28
\strutbox@=\box29
\big@size=\dimen110
LaTeX Font Info:    Redeclaring font encoding OML on input line 566.
LaTeX Font Info:    Redeclaring font encoding OMS on input line 567.
\macc@depth=\count147
\c@MaxMatrixCols=\count148
\dotsspace@=\muskip10
\c@parentequation=\count149
\dspbrk@lvl=\count150
\tag@help=\toks19
\row@=\count151
\column@=\count152
\maxfields@=\count153
\andhelp@=\toks20
\eqnshift@=\dimen111
\alignsep@=\dimen112
\tagshift@=\dimen113
\tagwidth@=\dimen114
\totwidth@=\dimen115
\lineht@=\dimen116
\@envbody=\toks21
\multlinegap=\skip85
\multlinetaggap=\skip86
\mathdisplay@stack=\toks22
LaTeX Info: Redefining \[ on input line 2665.
LaTeX Info: Redefining \] on input line 2666.
)
(/usr/share/texlive/texmf-dist/tex/latex/base/makeidx.sty
Package: makeidx 2000/03/29 v1.0m Standard LaTeX package
)
(/usr/share/texlive/texmf-dist/tex/latex/fancybox/fancybox.sty
Package: fancybox 2010/05/15 1.4

Style option: `fancybox' v1.4 <2010/05/15> (tvz)
\@fancybox=\box30
\shadowsize=\dimen117
\@Sbox=\box31
\do@VerbBox=\toks23
\the@fancyput=\toks24
\this@fancyput=\toks25
\EndVerbatimTokens=\toks26
\Verbatim@Outfile=\write3
\Verbatim@Infile=\read1
) (/usr/share/texlive/texmf-dist/tex/latex/url/url.sty
\Urlmuskip=\muskip11
Package: url 2013/09/16  ver 3.4  Verb mode for urls, etc.
)
(/usr/share/texlive/texmf-dist/tex/latex/cite/cite.sty
LaTeX Info: Redefining \cite on input line 302.
LaTeX Info: Redefining \nocite on input line 373.
Package: cite 2010/09/10  v 5.3
)
(/usr/share/texlive/texmf-dist/tex/latex/subfig/subfig.sty
Package: subfig 2005/06/28 ver: 1.3 subfig package

(/usr/share/texlive/texmf-dist/tex/latex/caption/caption.sty
Package: caption 2013/05/02 v3.3-89 Customizing captions (AR)

(/usr/share/texlive/texmf-dist/tex/latex/caption/caption3.sty
Package: caption3 2013/05/02 v1.6-88 caption3 kernel (AR)
Package caption3 Info: TeX engine: e-TeX on input line 57.
\captionmargin=\dimen118
\captionmargin@=\dimen119
\captionwidth=\dimen120
\caption@tempdima=\dimen121
\caption@indent=\dimen122
\caption@parindent=\dimen123
\caption@hangindent=\dimen124
)
\c@ContinuedFloat=\count154
Package caption Info: rotating package is loaded.
)
\c@KVtest=\count155
\sf@farskip=\skip87
\sf@captopadj=\dimen125
\sf@capskip=\skip88
\sf@nearskip=\skip89
\c@subfigure=\count156
\c@subfigure@save=\count157
\c@lofdepth=\count158
\c@subtable=\count159
\c@subtable@save=\count160
\c@lotdepth=\count161
\sf@top=\skip90
\sf@bottom=\skip91
)
(/usr/share/texlive/texmf-dist/tex/latex/listings/listings.sty
\lst@mode=\count162
\lst@gtempboxa=\box32
\lst@token=\toks27
\lst@length=\count163
\lst@currlwidth=\dimen126
\lst@column=\count164
\lst@pos=\count165
\lst@lostspace=\dimen127
\lst@width=\dimen128
\lst@newlines=\count166
\lst@lineno=\count167
\lst@maxwidth=\dimen129

(/usr/share/texlive/texmf-dist/tex/latex/listings/lstmisc.sty
File: lstmisc.sty 2013/08/26 1.5b (Carsten Heinz)
\c@lstnumber=\count168
\lst@skipnumbers=\count169
\lst@framebox=\box33
)
(/usr/share/texlive/texmf-dist/tex/latex/listings/listings.cfg
File: listings.cfg 2013/08/26 1.5b listings configuration
))
Package: listings 2013/08/26 1.5b (Carsten Heinz)

(/usr/share/texlive/texmf-dist/tex/latex/tools/varioref.sty
Package: varioref 2011/10/02 v1.4z package for extended references (FMi)
\c@vrcnt=\count170
)
(/usr/share/texlive/texmf-dist/tex/latex/tools/array.sty
Package: array 2008/09/09 v2.4c Tabular extension package (FMi)
\col@sep=\dimen130
\extrarowheight=\dimen131
\NC@list=\toks28
\extratabsurround=\skip92
\backup@length=\skip93
)
\@indexfile=\write4
\openout4 = `of_book.idx'.


Writing index file of_book.idx
(./of_book.aux

LaTeX Warning: Label `edges' multiply defined.


LaTeX Warning: Label `mesh_1' multiply defined.


LaTeX Warning: Label `mesh_1' multiply defined.


LaTeX Warning: Label `mesh_1' multiply defined.


LaTeX Warning: Label `mesh_1' multiply defined.


LaTeX Warning: Label `mesh' multiply defined.


LaTeX Warning: Label `point' multiply defined.


LaTeX Warning: Label `geom' multiply defined.


LaTeX Warning: Label `surf1' multiply defined.


LaTeX Warning: Label `wall' multiply defined.


LaTeX Warning: Label `wall' multiply defined.


LaTeX Warning: Label `wall' multiply defined.

)
\openout1 = `of_book.aux'.

LaTeX Font Info:    Checking defaults for OML/cmm/m/it on input line 68.
LaTeX Font Info:    ... okay on input line 68.
LaTeX Font Info:    Checking defaults for T1/cmr/m/n on input line 68.
LaTeX Font Info:    ... okay on input line 68.
LaTeX Font Info:    Checking defaults for OT1/cmr/m/n on input line 68.
LaTeX Font Info:    ... okay on input line 68.
LaTeX Font Info:    Checking defaults for OMS/cmsy/m/n on input line 68.
LaTeX Font Info:    ... okay on input line 68.
LaTeX Font Info:    Checking defaults for OMX/cmex/m/n on input line 68.
LaTeX Font Info:    ... okay on input line 68.
LaTeX Font Info:    Checking defaults for U/cmr/m/n on input line 68.
LaTeX Font Info:    ... okay on input line 68.
 (/usr/share/texlive/texmf-dist/tex/context/base/supp-pdf.mkii
[Loading MPS to PDF converter (version 2006.09.02).]
\scratchcounter=\count171
\scratchdimen=\dimen132
\scratchbox=\box34
\nofMPsegments=\count172
\nofMParguments=\count173
\everyMPshowfont=\toks29
\MPscratchCnt=\count174
\MPscratchDim=\dimen133
\MPnumerator=\count175
\makeMPintoPDFobject=\count176
\everyMPtoPDFconversion=\toks30
)

Package layouts Warning: Layout scale set to 0.5 on input line 68.

(/usr/share/texlive/texmf-dist/tex/generic/oberdiek/pdftexcmds.sty
Package: pdftexcmds 2011/11/29 v0.20 Utility functions of pdfTeX for LuaTeX (HO
)

(/usr/share/texlive/texmf-dist/tex/generic/oberdiek/ifpdf.sty
Package: ifpdf 2011/01/30 v2.3 Provides the ifpdf switch (HO)
Package ifpdf Info: pdfTeX in PDF mode is detected.
)
Package pdftexcmds Info: LuaTeX not detected.
Package pdftexcmds Info: \pdf@primitive is available.
Package pdftexcmds Info: \pdf@ifprimitive is available.
Package pdftexcmds Info: \pdfdraftmode found.
)
(/usr/share/texlive/texmf-dist/tex/latex/oberdiek/epstopdf-base.sty
Package: epstopdf-base 2010/02/09 v2.5 Base part for package epstopdf

(/usr/share/texlive/texmf-dist/tex/latex/oberdiek/grfext.sty
Package: grfext 2010/08/19 v1.1 Manage graphics extensions (HO)

(/usr/share/texlive/texmf-dist/tex/generic/oberdiek/kvdefinekeys.sty
Package: kvdefinekeys 2011/04/07 v1.3 Define keys (HO)
))
Package grfext Info: Graphics extension search list:
(grfext)             [.png,.pdf,.jpg,.mps,.jpeg,.jbig2,.jb2,.PNG,.PDF,.JPG,.JPE
G,.JBIG2,.JB2,.eps]
(grfext)             \AppendGraphicsExtensions on input line 452.

(/usr/share/texlive/texmf-dist/tex/latex/latexconfig/epstopdf-sys.cfg
File: epstopdf-sys.cfg 2010/07/13 v1.3 Configuration of (r)epstopdf for TeX Liv
e
))
Package caption Info: Begin \AtBeginDocument code.
Package caption Info: subfig package v1.3 is loaded.
Package caption Info: listings package is loaded.
Package caption Info: End \AtBeginDocument code.
\c@lstlisting=\count177

(./of_book.toc [1



{/var/lib/texmf/fonts/map/pdftex/updmap/pdftex.map}])
\tf@toc=\write5
\openout5 = `of_book.toc'.

 [2]
(./of_book.lof [3

] [4])
\tf@lof=\write6
\openout6 = `of_book.lof'.

 [5] [6

] (./of_book.lot)
\tf@lot=\write7
\openout7 = `of_book.lot'.

 [7] [8

]
(./CHAPTERS/chap9/chapter9.tex
Chapter 1.
Missing character: There is no â in font cmr10!
Missing character: There is no € in font cmr10!
Missing character: There is no “ in font cmr10!

</home/fossee/Desktop/desk-new/cfd-openfoam/CHAPTERS/chap9/figures/pipe.png, id
=32, 609.27625pt x 253.94875pt>
File: /home/fossee/Desktop/desk-new/cfd-openfoam/CHAPTERS/chap9/figures/pipe.pn
g Graphic file (type png)

<use /home/fossee/Desktop/desk-new/cfd-openfoam/CHAPTERS/chap9/figures/pipe.png
>
Package pdftex.def Info: /home/fossee/Desktop/desk-new/cfd-openfoam/CHAPTERS/ch
ap9/figures/pipe.png used on input line 14.
(pdftex.def)             Requested size: 243.70618pt x 101.5777pt.


LaTeX Warning: `h' float specifier changed to `ht'.


Underfull \hbox (badness 10000) in paragraph at lines 19--20

 []

[1

]
</home/fossee/Desktop/desk-new/cfd-openfoam/CHAPTERS/chap9/figures/multi.png, i
d=41, 356.33125pt x 326.21875pt>
File: /home/fossee/Desktop/desk-new/cfd-openfoam/CHAPTERS/chap9/figures/multi.p
ng Graphic file (type png)

<use /home/fossee/Desktop/desk-new/cfd-openfoam/CHAPTERS/chap9/figures/multi.pn
g>
Package pdftex.def Info: /home/fossee/Desktop/desk-new/cfd-openfoam/CHAPTERS/ch
ap9/figures/multi.png used on input line 41.
(pdftex.def)             Requested size: 142.52997pt x 130.48518pt.

</home/fossee/Desktop/desk-new/cfd-openfoam/CHAPTERS/chap9/figures/faces.png, i
d=42, 692.5875pt x 409.53pt>
File: /home/fossee/Desktop/desk-new/cfd-openfoam/CHAPTERS/chap9/figures/faces.p
ng Graphic file (type png)

<use /home/fossee/Desktop/desk-new/cfd-openfoam/CHAPTERS/chap9/figures/faces.pn
g>
Package pdftex.def Info: /home/fossee/Desktop/desk-new/cfd-openfoam/CHAPTERS/ch
ap9/figures/faces.png used on input line 48.
(pdftex.def)             Requested size: 277.03009pt x 163.80908pt.


LaTeX Warning: `h' float specifier changed to `ht'.

[2 </home/fossee/Desktop/desk-new/cfd-openfoam/CHAPTERS/chap9/figures/pipe.png>
 </home/fossee/Desktop/desk-new/cfd-openfoam/CHAPTERS/chap9/figures/multi.png>]
[3 </home/fossee/Desktop/desk-new/cfd-openfoam/CHAPTERS/chap9/figures/faces.png
>] [4]
LaTeX Font Info:    Try loading font information for OMS+cmr on input line 92.
 (/usr/share/texlive/texmf-dist/tex/latex/base/omscmr.fd
File: omscmr.fd 1999/05/25 v2.5h Standard LaTeX font definitions
)
LaTeX Font Info:    Font shape `OMS/cmr/m/n' in size <10.95> not available
(Font)              Font shape `OMS/cmsy/m/n' tried instead on input line 92.

</home/fossee/Desktop/desk-new/cfd-openfoam/CHAPTERS/chap9/figures/pipe1.png, i
d=54, 1011.78pt x 552.0625pt>
File: /home/fossee/Desktop/desk-new/cfd-openfoam/CHAPTERS/chap9/figures/pipe1.p
ng Graphic file (type png)

<use /home/fossee/Desktop/desk-new/cfd-openfoam/CHAPTERS/chap9/figures/pipe1.pn
g>
Package pdftex.def Info: /home/fossee/Desktop/desk-new/cfd-openfoam/CHAPTERS/ch
ap9/figures/pipe1.png used on input line 101.
(pdftex.def)             Requested size: 354.1283pt x 193.22476pt.


LaTeX Warning: `h' float specifier changed to `ht'.


</home/fossee/Desktop/desk-new/cfd-openfoam/CHAPTERS/chap9/figures/pipe2.png, i
d=55, 1011.78pt x 552.0625pt>
File: /home/fossee/Desktop/desk-new/cfd-openfoam/CHAPTERS/chap9/figures/pipe2.p
ng Graphic file (type png)

<use /home/fossee/Desktop/desk-new/cfd-openfoam/CHAPTERS/chap9/figures/pipe2.pn
g>
Package pdftex.def Info: /home/fossee/Desktop/desk-new/cfd-openfoam/CHAPTERS/ch
ap9/figures/pipe2.png used on input line 108.
(pdftex.def)             Requested size: 354.1283pt x 193.22476pt.


LaTeX Warning: `h' float specifier changed to `ht'.


</home/fossee/Desktop/desk-new/cfd-openfoam/CHAPTERS/chap9/figures/pressure.png
, id=56, 1530.71875pt x 865.2325pt>
File: /home/fossee/Desktop/desk-new/cfd-openfoam/CHAPTERS/chap9/figures/pressur
e.png Graphic file (type png)

<use /home/fossee/Desktop/desk-new/cfd-openfoam/CHAPTERS/chap9/figures/pressure
.png>
Package pdftex.def Info: /home/fossee/Desktop/desk-new/cfd-openfoam/CHAPTERS/ch
ap9/figures/pressure.png used on input line 115.
(pdftex.def)             Requested size: 382.67876pt x 216.30759pt.


LaTeX Warning: `h' float specifier changed to `ht'.


</home/fossee/Desktop/desk-new/cfd-openfoam/CHAPTERS/chap9/figures/pipe_velocit
y.png, id=57, 1530.71875pt x 865.2325pt>
File: /home/fossee/Desktop/desk-new/cfd-openfoam/CHAPTERS/chap9/figures/pipe_ve
locity.png Graphic file (type png)

<use /home/fossee/Desktop/desk-new/cfd-openfoam/CHAPTERS/chap9/figures/pipe_vel
ocity.png>
Package pdftex.def Info: /home/fossee/Desktop/desk-new/cfd-openfoam/CHAPTERS/ch
ap9/figures/pipe_velocity.png used on input line 122.
(pdftex.def)             Requested size: 382.67876pt x 216.30759pt.


LaTeX Warning: `h' float specifier changed to `ht'.


</home/fossee/Desktop/desk-new/cfd-openfoam/CHAPTERS/chap9/figures/pipe_slice.p
ng, id=58, 1530.71875pt x 865.2325pt>
File: /home/fossee/Desktop/desk-new/cfd-openfoam/CHAPTERS/chap9/figures/pipe_sl
ice.png Graphic file (type png)

<use /home/fossee/Desktop/desk-new/cfd-openfoam/CHAPTERS/chap9/figures/pipe_sli
ce.png>
Package pdftex.def Info: /home/fossee/Desktop/desk-new/cfd-openfoam/CHAPTERS/ch
ap9/figures/pipe_slice.png used on input line 129.
(pdftex.def)             Requested size: 382.67876pt x 216.30759pt.


LaTeX Warning: `h' float specifier changed to `ht'.


</home/fossee/Desktop/desk-new/cfd-openfoam/CHAPTERS/chap9/figures/velocity.png
, id=59, 1530.71875pt x 865.2325pt>
File: /home/fossee/Desktop/desk-new/cfd-openfoam/CHAPTERS/chap9/figures/velocit
y.png Graphic file (type png)

<use /home/fossee/Desktop/desk-new/cfd-openfoam/CHAPTERS/chap9/figures/velocity
.png>
Package pdftex.def Info: /home/fossee/Desktop/desk-new/cfd-openfoam/CHAPTERS/ch
ap9/figures/velocity.png used on input line 136.
(pdftex.def)             Requested size: 382.67876pt x 216.30759pt.


LaTeX Warning: `h' float specifier changed to `ht'.

[5]
Underfull \vbox (badness 2057) has occurred while \output is active []

 [6 </home/fossee/Desktop/desk-new/cfd-openfoam/CHAPTERS/chap9/figures/pipe1.pn
g (PNG copy)> </home/fossee/Desktop/desk-new/cfd-openfoam/CHAPTERS/chap9/figure
s/pipe2.png (PNG copy)>] [7 </home/fossee/Desktop/desk-new/cfd-openfoam/CHAPTER
S/chap9/figures/pressure.png (PNG copy)> </home/fossee/Desktop/desk-new/cfd-ope
nfoam/CHAPTERS/chap9/figures/pipe_velocity.png (PNG copy)>])
(./CHAPTERS/chap10/chapter10.tex
Underfull \vbox (badness 10000) has occurred while \output is active []

 [8 </home/fossee/Desktop/desk-new/cfd-openfoam/CHAPTERS/chap9/figures/pipe_sli
ce.png (PNG copy)> </home/fossee/Desktop/desk-new/cfd-openfoam/CHAPTERS/chap9/f
igures/velocity.png (PNG copy)>] [9] [10

]
Chapter 2.
[11]
</home/fossee/Desktop/desk-new/cfd-openfoam/CHAPTERS/chap10/figures/navi.png, i
d=83, 195.73125pt x 664.4825pt>
File: /home/fossee/Desktop/desk-new/cfd-openfoam/CHAPTERS/chap10/figures/navi.p
ng Graphic file (type png)

<use /home/fossee/Desktop/desk-new/cfd-openfoam/CHAPTERS/chap10/figures/navi.pn
g>
Package pdftex.def Info: /home/fossee/Desktop/desk-new/cfd-openfoam/CHAPTERS/ch
ap10/figures/navi.png used on input line 33.
(pdftex.def)             Requested size: 58.71982pt x 199.34628pt.

</home/fossee/Desktop/desk-new/cfd-openfoam/CHAPTERS/chap10/figures/details.png
, id=84, 1085.05376pt x 435.6275pt>
File: /home/fossee/Desktop/desk-new/cfd-openfoam/CHAPTERS/chap10/figures/detail
s.png Graphic file (type png)

<use /home/fossee/Desktop/desk-new/cfd-openfoam/CHAPTERS/chap10/figures/details
.png>
Package pdftex.def Info: /home/fossee/Desktop/desk-new/cfd-openfoam/CHAPTERS/ch
ap10/figures/details.png used on input line 40.
(pdftex.def)             Requested size: 347.22429pt x 139.40364pt.


LaTeX Warning: `h' float specifier changed to `ht'.


</home/fossee/Desktop/desk-new/cfd-openfoam/CHAPTERS/chap10/figures/link.png, i
d=85, 830.10126pt x 438.63875pt>
File: /home/fossee/Desktop/desk-new/cfd-openfoam/CHAPTERS/chap10/figures/link.p
ng Graphic file (type png)

<use /home/fossee/Desktop/desk-new/cfd-openfoam/CHAPTERS/chap10/figures/link.pn
g>
Package pdftex.def Info: /home/fossee/Desktop/desk-new/cfd-openfoam/CHAPTERS/ch
ap10/figures/link.png used on input line 47.
(pdftex.def)             Requested size: 290.5398pt x 153.52585pt.


LaTeX Warning: `h' float specifier changed to `ht'.


</home/fossee/Desktop/desk-new/cfd-openfoam/CHAPTERS/chap10/figures/pass.png, i
d=86, 1067.99pt x 463.7325pt>
File: /home/fossee/Desktop/desk-new/cfd-openfoam/CHAPTERS/chap10/figures/pass.p
ng Graphic file (type png)

<use /home/fossee/Desktop/desk-new/cfd-openfoam/CHAPTERS/chap10/figures/pass.pn
g>
Package pdftex.def Info: /home/fossee/Desktop/desk-new/cfd-openfoam/CHAPTERS/ch
ap10/figures/pass.png used on input line 54.
(pdftex.def)             Requested size: 373.80211pt x 162.30879pt.


LaTeX Warning: `h' float specifier changed to `ht'.


</home/fossee/Desktop/desk-new/cfd-openfoam/CHAPTERS/chap10/figures/binary.png,
 id=87, 1061.9675pt x 266.9975pt>
File: /home/fossee/Desktop/desk-new/cfd-openfoam/CHAPTERS/chap10/figures/binary
.png Graphic file (type png)

<use /home/fossee/Desktop/desk-new/cfd-openfoam/CHAPTERS/chap10/figures/binary.
png>
Package pdftex.def Info: /home/fossee/Desktop/desk-new/cfd-openfoam/CHAPTERS/ch
ap10/figures/binary.png used on input line 61.
(pdftex.def)             Requested size: 371.69418pt x 93.45052pt.


LaTeX Warning: `h' float specifier changed to `ht'.


</home/fossee/Desktop/desk-new/cfd-openfoam/CHAPTERS/chap10/figures/universal.p
ng, id=88, 632.3625pt x 118.4425pt>
File: /home/fossee/Desktop/desk-new/cfd-openfoam/CHAPTERS/chap10/figures/univer
sal.png Graphic file (type png)

<use /home/fossee/Desktop/desk-new/cfd-openfoam/CHAPTERS/chap10/figures/univers
al.png>
Package pdftex.def Info: /home/fossee/Desktop/desk-new/cfd-openfoam/CHAPTERS/ch
ap10/figures/universal.png used on input line 68.
(pdftex.def)             Requested size: 284.5605pt x 53.29861pt.


LaTeX Warning: `h' float specifier changed to `ht'.

[12 </home/fossee/Desktop/desk-new/cfd-openfoam/CHAPTERS/chap10/figures/navi.pn
g>]) (./CHAPTERS/chap11/chapter11.tex
Underfull \vbox (badness 1253) has occurred while \output is active []

 [13 </home/fossee/Desktop/desk-new/cfd-openfoam/CHAPTERS/chap10/figures/detail
s.png> </home/fossee/Desktop/desk-new/cfd-openfoam/CHAPTERS/chap10/figures/link
.png>]
[14 </home/fossee/Desktop/desk-new/cfd-openfoam/CHAPTERS/chap10/figures/pass.pn
g> </home/fossee/Desktop/desk-new/cfd-openfoam/CHAPTERS/chap10/figures/binary.p
ng>] [15 </home/fossee/Desktop/desk-new/cfd-openfoam/CHAPTERS/chap10/figures/un
iversal.png>] [16

]
Chapter 3.
[17]
</home/fossee/Desktop/desk-new/cfd-openfoam/CHAPTERS/chap11/figures/salome1.png
, id=108, 1217.54875pt x 688.5725pt>
File: /home/fossee/Desktop/desk-new/cfd-openfoam/CHAPTERS/chap11/figures/salome
1.png Graphic file (type png)

<use /home/fossee/Desktop/desk-new/cfd-openfoam/CHAPTERS/chap11/figures/salome1
.png>
Package pdftex.def Info: /home/fossee/Desktop/desk-new/cfd-openfoam/CHAPTERS/ch
ap11/figures/salome1.png used on input line 21.
(pdftex.def)             Requested size: 426.14845pt x 241.00398pt.

Overfull \hbox (28.66347pt too wide) in paragraph at lines 21--22
 [][] 
 []


</home/fossee/Desktop/desk-new/cfd-openfoam/CHAPTERS/chap11/figures/activate.pn
g, id=109, 545.03625pt x 152.57pt>
File: /home/fossee/Desktop/desk-new/cfd-openfoam/CHAPTERS/chap11/figures/activa
te.png Graphic file (type png)

<use /home/fossee/Desktop/desk-new/cfd-openfoam/CHAPTERS/chap11/figures/activat
e.png>
Package pdftex.def Info: /home/fossee/Desktop/desk-new/cfd-openfoam/CHAPTERS/ch
ap11/figures/activate.png used on input line 30.
(pdftex.def)             Requested size: 245.26405pt x 68.65585pt.

Overfull \hbox (21.4857pt too wide) has occurred while \output is active
\OT1/cmr/m/n/10.95 18 \OT1/cmr/bx/n/10.95 3. Creating and Meshing a curved pipe
 geometry in Salome for OpenFOAM
 []

[18 </home/fossee/Desktop/desk-new/cfd-openfoam/CHAPTERS/chap11/figures/salome1
.png> </home/fossee/Desktop/desk-new/cfd-openfoam/CHAPTERS/chap11/figures/activ
ate.png>]
</home/fossee/Desktop/desk-new/cfd-openfoam/CHAPTERS/chap11/figures/salome_prop
.png, id=113, 365.365pt x 443.6575pt>
File: /home/fossee/Desktop/desk-new/cfd-openfoam/CHAPTERS/chap11/figures/salome
_prop.png Graphic file (type png)

<use /home/fossee/Desktop/desk-new/cfd-openfoam/CHAPTERS/chap11/figures/salome_
prop.png>
Package pdftex.def Info: /home/fossee/Desktop/desk-new/cfd-openfoam/CHAPTERS/ch
ap11/figures/salome_prop.png used on input line 41.
(pdftex.def)             Requested size: 164.41272pt x 199.64401pt.

</home/fossee/Desktop/desk-new/cfd-openfoam/CHAPTERS/chap11/figures/2dsketch.pn
g, id=114, 422.57875pt x 595.22375pt>
File: /home/fossee/Desktop/desk-new/cfd-openfoam/CHAPTERS/chap11/figures/2dsket
ch.png Graphic file (type png)

<use /home/fossee/Desktop/desk-new/cfd-openfoam/CHAPTERS/chap11/figures/2dsketc
h.png>
Package pdftex.def Info: /home/fossee/Desktop/desk-new/cfd-openfoam/CHAPTERS/ch
ap11/figures/2dsketch.png used on input line 52.
(pdftex.def)             Requested size: 190.15868pt x 267.84822pt.


LaTeX Warning: `h' float specifier changed to `ht'.

[19 </home/fossee/Desktop/desk-new/cfd-openfoam/CHAPTERS/chap11/figures/salome_
prop.png>]
</home/fossee/Desktop/desk-new/cfd-openfoam/CHAPTERS/chap11/figures/divideddisk
.png, id=118, 396.48125pt x 407.5225pt>
File: /home/fossee/Desktop/desk-new/cfd-openfoam/CHAPTERS/chap11/figures/divide
ddisk.png Graphic file (type png)

<use /home/fossee/Desktop/desk-new/cfd-openfoam/CHAPTERS/chap11/figures/divided
disk.png>
Package pdftex.def Info: /home/fossee/Desktop/desk-new/cfd-openfoam/CHAPTERS/ch
ap11/figures/divideddisk.png used on input line 63.
(pdftex.def)             Requested size: 178.4149pt x 183.38342pt.


LaTeX Warning: `h' float specifier changed to `ht'.


</home/fossee/Desktop/desk-new/cfd-openfoam/CHAPTERS/chap11/figures/divideddisk
1.jpg, id=119, 1204.5pt x 598.48593pt>
File: /home/fossee/Desktop/desk-new/cfd-openfoam/CHAPTERS/chap11/figures/divide
ddisk1.jpg Graphic file (type jpg)

<use /home/fossee/Desktop/desk-new/cfd-openfoam/CHAPTERS/chap11/figures/divided
disk1.jpg>
Package pdftex.def Info: /home/fossee/Desktop/desk-new/cfd-openfoam/CHAPTERS/ch
ap11/figures/divideddisk1.jpg used on input line 72.
(pdftex.def)             Requested size: 421.58131pt x 209.4732pt.

Overfull \hbox (24.09633pt too wide) in paragraph at lines 72--73
 [][] 
 []


LaTeX Warning: `h' float specifier changed to `ht'.


</home/fossee/Desktop/desk-new/cfd-openfoam/CHAPTERS/chap11/figures/pipeconst.p
ng, id=120, 395.4775pt x 404.51125pt>
File: /home/fossee/Desktop/desk-new/cfd-openfoam/CHAPTERS/chap11/figures/pipeco
nst.png Graphic file (type png)

<use /home/fossee/Desktop/desk-new/cfd-openfoam/CHAPTERS/chap11/figures/pipecon
st.png>
Package pdftex.def Info: /home/fossee/Desktop/desk-new/cfd-openfoam/CHAPTERS/ch
ap11/figures/pipeconst.png used on input line 81.
(pdftex.def)             Requested size: 138.41919pt x 141.58105pt.


LaTeX Warning: `h' float specifier changed to `ht'.


</home/fossee/Desktop/desk-new/cfd-openfoam/CHAPTERS/chap11/figures/salome_pipe
.jpg, id=121, 1204.5pt x 598.48593pt>
File: /home/fossee/Desktop/desk-new/cfd-openfoam/CHAPTERS/chap11/figures/salome
_pipe.jpg Graphic file (type jpg)

<use /home/fossee/Desktop/desk-new/cfd-openfoam/CHAPTERS/chap11/figures/salome_
pipe.jpg>
Package pdftex.def Info: /home/fossee/Desktop/desk-new/cfd-openfoam/CHAPTERS/ch
ap11/figures/salome_pipe.jpg used on input line 88.
(pdftex.def)             Requested size: 421.58131pt x 209.4732pt.

Overfull \hbox (24.09633pt too wide) in paragraph at lines 88--89
 [][] 
 []


LaTeX Warning: `h' float specifier changed to `ht'.


Overfull \hbox (21.4857pt too wide) has occurred while \output is active
\OT1/cmr/m/n/10.95 20 \OT1/cmr/bx/n/10.95 3. Creating and Meshing a curved pipe
 geometry in Salome for OpenFOAM
 []

[20 </home/fossee/Desktop/desk-new/cfd-openfoam/CHAPTERS/chap11/figures/2dsketc
h.png>]
</home/fossee/Desktop/desk-new/cfd-openfoam/CHAPTERS/chap11/figures/subshape.pn
g, id=125, 394.47375pt x 347.2975pt>
File: /home/fossee/Desktop/desk-new/cfd-openfoam/CHAPTERS/chap11/figures/subsha
pe.png Graphic file (type png)

<use /home/fossee/Desktop/desk-new/cfd-openfoam/CHAPTERS/chap11/figures/subshap
e.png>
Package pdftex.def Info: /home/fossee/Desktop/desk-new/cfd-openfoam/CHAPTERS/ch
ap11/figures/subshape.png used on input line 99.
(pdftex.def)             Requested size: 138.06787pt x 121.55594pt.

Underfull \vbox (badness 10000) has occurred while \output is active []

 [21 </home/fossee/Desktop/desk-new/cfd-openfoam/CHAPTERS/chap11/figures/divide
ddisk.png> </home/fossee/Desktop/desk-new/cfd-openfoam/CHAPTERS/chap11/figures/
divideddisk1.jpg>]

LaTeX Warning: `h' float specifier changed to `ht'.


</home/fossee/Desktop/desk-new/cfd-openfoam/CHAPTERS/chap11/figures/subshape_in
let.png, id=129, 808.01875pt x 510.90875pt>
File: /home/fossee/Desktop/desk-new/cfd-openfoam/CHAPTERS/chap11/figures/subsha
pe_inlet.png Graphic file (type png)

<use /home/fossee/Desktop/desk-new/cfd-openfoam/CHAPTERS/chap11/figures/subshap
e_inlet.png>
Package pdftex.def Info: /home/fossee/Desktop/desk-new/cfd-openfoam/CHAPTERS/ch
ap11/figures/subshape_inlet.png used on input line 106.
(pdftex.def)             Requested size: 282.8108pt x 178.82074pt.


LaTeX Warning: `h' float specifier changed to `ht'.


</home/fossee/Desktop/desk-new/cfd-openfoam/CHAPTERS/chap11/figures/subshape2.p
ng, id=130, 905.3825pt x 498.86375pt>
File: /home/fossee/Desktop/desk-new/cfd-openfoam/CHAPTERS/chap11/figures/subsha
pe2.png Graphic file (type png)

<use /home/fossee/Desktop/desk-new/cfd-openfoam/CHAPTERS/chap11/figures/subshap
e2.png>
Package pdftex.def Info: /home/fossee/Desktop/desk-new/cfd-openfoam/CHAPTERS/ch
ap11/figures/subshape2.png used on input line 113.
(pdftex.def)             Requested size: 316.88863pt x 174.60492pt.


LaTeX Warning: `h' float specifier changed to `ht'.


Overfull \hbox (21.4857pt too wide) has occurred while \output is active
\OT1/cmr/m/n/10.95 22 \OT1/cmr/bx/n/10.95 3. Creating and Meshing a curved pipe
 geometry in Salome for OpenFOAM
 []

[22 </home/fossee/Desktop/desk-new/cfd-openfoam/CHAPTERS/chap11/figures/pipecon
st.png> </home/fossee/Desktop/desk-new/cfd-openfoam/CHAPTERS/chap11/figures/sal
ome_pipe.jpg>]
</home/fossee/Desktop/desk-new/cfd-openfoam/CHAPTERS/chap11/figures/edges.jpg, 
id=134, 1204.5pt x 598.48593pt>
File: /home/fossee/Desktop/desk-new/cfd-openfoam/CHAPTERS/chap11/figures/edges.
jpg Graphic file (type jpg)

<use /home/fossee/Desktop/desk-new/cfd-openfoam/CHAPTERS/chap11/figures/edges.j
pg>
Package pdftex.def Info: /home/fossee/Desktop/desk-new/cfd-openfoam/CHAPTERS/ch
ap11/figures/edges.jpg used on input line 122.
(pdftex.def)             Requested size: 421.58131pt x 209.4732pt.

Overfull \hbox (24.09633pt too wide) in paragraph at lines 122--123
 [][] 
 []


LaTeX Warning: `h' float specifier changed to `ht'.

[23 </home/fossee/Desktop/desk-new/cfd-openfoam/CHAPTERS/chap11/figures/subshap
e.png> </home/fossee/Desktop/desk-new/cfd-openfoam/CHAPTERS/chap11/figures/subs
hape_inlet.png>]
</home/fossee/Desktop/desk-new/cfd-openfoam/CHAPTERS/chap11/figures/tree_salome
.png, id=139, 237.88875pt x 416.55624pt>
File: /home/fossee/Desktop/desk-new/cfd-openfoam/CHAPTERS/chap11/figures/tree_s
alome.png Graphic file (type png)

<use /home/fossee/Desktop/desk-new/cfd-openfoam/CHAPTERS/chap11/figures/tree_sa
lome.png>
Package pdftex.def Info: /home/fossee/Desktop/desk-new/cfd-openfoam/CHAPTERS/ch
ap11/figures/tree_salome.png used on input line 133.
(pdftex.def)             Requested size: 107.04893pt x 187.44858pt.


LaTeX Warning: `h' float specifier changed to `ht'.


Underfull \vbox (badness 10000) has occurred while \output is active []


Overfull \hbox (21.4857pt too wide) has occurred while \output is active
\OT1/cmr/m/n/10.95 24 \OT1/cmr/bx/n/10.95 3. Creating and Meshing a curved pipe
 geometry in Salome for OpenFOAM
 []

[24 </home/fossee/Desktop/desk-new/cfd-openfoam/CHAPTERS/chap11/figures/subshap
e2.png> </home/fossee/Desktop/desk-new/cfd-openfoam/CHAPTERS/chap11/figures/edg
es.jpg>]
</home/fossee/Desktop/desk-new/cfd-openfoam/CHAPTERS/chap11/figures/mesh.png, i
d=143, 497.86pt x 371.3875pt>
File: /home/fossee/Desktop/desk-new/cfd-openfoam/CHAPTERS/chap11/figures/mesh.p
ng Graphic file (type png)

<use /home/fossee/Desktop/desk-new/cfd-openfoam/CHAPTERS/chap11/figures/mesh.pn
g>
Package pdftex.def Info: /home/fossee/Desktop/desk-new/cfd-openfoam/CHAPTERS/ch
ap11/figures/mesh.png used on input line 144.
(pdftex.def)             Requested size: 174.2536pt x 129.98756pt.


LaTeX Warning: `h' float specifier changed to `ht'.


</home/fossee/Desktop/desk-new/cfd-openfoam/CHAPTERS/chap11/figures/mesh_info.p
ng, id=144, 597.23125pt x 612.2875pt>
File: /home/fossee/Desktop/desk-new/cfd-openfoam/CHAPTERS/chap11/figures/mesh_i
nfo.png Graphic file (type png)

<use /home/fossee/Desktop/desk-new/cfd-openfoam/CHAPTERS/chap11/figures/mesh_in
fo.png>
Package pdftex.def Info: /home/fossee/Desktop/desk-new/cfd-openfoam/CHAPTERS/ch
ap11/figures/mesh_info.png used on input line 151.
(pdftex.def)             Requested size: 209.03406pt x 214.30383pt.


LaTeX Warning: `h' float specifier changed to `ht'.

[25 </home/fossee/Desktop/desk-new/cfd-openfoam/CHAPTERS/chap11/figures/tree_sa
lome.png>]
Overfull \hbox (21.4857pt too wide) has occurred while \output is active
\OT1/cmr/m/n/10.95 26 \OT1/cmr/bx/n/10.95 3. Creating and Meshing a curved pipe
 geometry in Salome for OpenFOAM
 []

[26 </home/fossee/Desktop/desk-new/cfd-openfoam/CHAPTERS/chap11/figures/mesh.pn
g> </home/fossee/Desktop/desk-new/cfd-openfoam/CHAPTERS/chap11/figures/mesh_inf
o.png>]) (./CHAPTERS/chap12/chapter12.tex [27]
Overfull \hbox (21.4857pt too wide) has occurred while \output is active
\OT1/cmr/m/n/10.95 28 \OT1/cmr/bx/n/10.95 3. Creating and Meshing a curved pipe
 geometry in Salome for OpenFOAM
 []

[28

]
Chapter 4.

</home/fossee/Desktop/desk-new/cfd-openfoam/CHAPTERS/chap12/figures/mesh_12_1.p
ng, id=157, 1061.9675pt x 266.9975pt>
File: /home/fossee/Desktop/desk-new/cfd-openfoam/CHAPTERS/chap12/figures/mesh_1
2_1.png Graphic file (type png)

<use /home/fossee/Desktop/desk-new/cfd-openfoam/CHAPTERS/chap12/figures/mesh_12
_1.png>
Package pdftex.def Info: /home/fossee/Desktop/desk-new/cfd-openfoam/CHAPTERS/ch
ap12/figures/mesh_12_1.png used on input line 14.
(pdftex.def)             Requested size: 371.69418pt x 93.45052pt.


LaTeX Warning: `h' float specifier changed to `ht'.


Underfull \vbox (badness 10000) has occurred while \output is active []

 [29]
[30 </home/fossee/Desktop/desk-new/cfd-openfoam/CHAPTERS/chap12/figures/mesh_12
_1.png>]
File: /home/fossee/Desktop/desk-new/cfd-openfoam/CHAPTERS/chap12/figures/mesh_1
2_1.png Graphic file (type png)

<use /home/fossee/Desktop/desk-new/cfd-openfoam/CHAPTERS/chap12/figures/mesh_12
_1.png>
Package pdftex.def Info: /home/fossee/Desktop/desk-new/cfd-openfoam/CHAPTERS/ch
ap12/figures/mesh_12_1.png used on input line 43.
(pdftex.def)             Requested size: 371.69418pt x 93.45052pt.
 [31]
File: /home/fossee/Desktop/desk-new/cfd-openfoam/CHAPTERS/chap12/figures/mesh_1
2_1.png Graphic file (type png)

<use /home/fossee/Desktop/desk-new/cfd-openfoam/CHAPTERS/chap12/figures/mesh_12
_1.png>
Package pdftex.def Info: /home/fossee/Desktop/desk-new/cfd-openfoam/CHAPTERS/ch
ap12/figures/mesh_12_1.png used on input line 62.
(pdftex.def)             Requested size: 371.69418pt x 93.45052pt.
 [32]
File: /home/fossee/Desktop/desk-new/cfd-openfoam/CHAPTERS/chap12/figures/mesh_1
2_1.png Graphic file (type png)

<use /home/fossee/Desktop/desk-new/cfd-openfoam/CHAPTERS/chap12/figures/mesh_12
_1.png>
Package pdftex.def Info: /home/fossee/Desktop/desk-new/cfd-openfoam/CHAPTERS/ch
ap12/figures/mesh_12_1.png used on input line 97.
(pdftex.def)             Requested size: 371.69418pt x 93.45052pt.
File: /home/fossee/Desktop/desk-new/cfd-openfoam/CHAPTERS/chap12/figures/mesh_1
2_1.png Graphic file (type png)

<use /home/fossee/Desktop/desk-new/cfd-openfoam/CHAPTERS/chap12/figures/mesh_12
_1.png>
Package pdftex.def Info: /home/fossee/Desktop/desk-new/cfd-openfoam/CHAPTERS/ch
ap12/figures/mesh_12_1.png used on input line 106.
(pdftex.def)             Requested size: 371.69418pt x 93.45052pt.


LaTeX Warning: `h' float specifier changed to `ht'.

[33]) (./CHAPTERS/chap13/chapter13.tex [34]
Chapter 5.
[35

]) (./CHAPTERS/chap14/chapter14.tex [36]
Chapter 6.
) (./CHAPTERS/chap15/chapter15.tex [37

] [38

]
Chapter 7.

</home/fossee/Desktop/desk-new/cfd-openfoam/CHAPTERS/chap15/figures/square.png,
 id=190, 833.1125pt x 543.02875pt>
File: /home/fossee/Desktop/desk-new/cfd-openfoam/CHAPTERS/chap15/figures/square
.png Graphic file (type png)

<use /home/fossee/Desktop/desk-new/cfd-openfoam/CHAPTERS/chap15/figures/square.
png>
Package pdftex.def Info: /home/fossee/Desktop/desk-new/cfd-openfoam/CHAPTERS/ch
ap15/figures/square.png used on input line 19.
(pdftex.def)             Requested size: 258.36281pt x 168.40344pt.

</home/fossee/Desktop/desk-new/cfd-openfoam/CHAPTERS/chap15/figures/cylmesh.jpe
g, id=191, 965.85844pt x 610.53094pt>
File: /home/fossee/Desktop/desk-new/cfd-openfoam/CHAPTERS/chap15/figures/cylmes
h.jpeg Graphic file (type jpg)

<use /home/fossee/Desktop/desk-new/cfd-openfoam/CHAPTERS/chap15/figures/cylmesh
.jpeg>
Package pdftex.def Info: /home/fossee/Desktop/desk-new/cfd-openfoam/CHAPTERS/ch
ap15/figures/cylmesh.jpeg used on input line 31.
(pdftex.def)             Requested size: 258.36281pt x 163.30843pt.


LaTeX Warning: `h' float specifier changed to `ht'.


Underfull \vbox (badness 1147) has occurred while \output is active []

 [39]
[40 </home/fossee/Desktop/desk-new/cfd-openfoam/CHAPTERS/chap15/figures/square.
png> </home/fossee/Desktop/desk-new/cfd-openfoam/CHAPTERS/chap15/figures/cylmes
h.jpeg>]
</home/fossee/Desktop/desk-new/cfd-openfoam/CHAPTERS/chap15/figures/conversion.
png, id=198, 722.7pt x 263.98625pt>
File: /home/fossee/Desktop/desk-new/cfd-openfoam/CHAPTERS/chap15/figures/conver
sion.png Graphic file (type png)

<use /home/fossee/Desktop/desk-new/cfd-openfoam/CHAPTERS/chap15/figures/convers
ion.png>
Package pdftex.def Info: /home/fossee/Desktop/desk-new/cfd-openfoam/CHAPTERS/ch
ap15/figures/conversion.png used on input line 54.
(pdftex.def)             Requested size: 258.36281pt x 94.37436pt.
 [41 </home/fossee/Desktop/desk-new/cfd-openfoam/CHAPTERS/chap15/figures/conver
sion.png>]
</home/fossee/Desktop/desk-new/cfd-openfoam/CHAPTERS/chap15/figures/boundary.pn
g, id=203, 891.33pt x 272.01625pt>
File: /home/fossee/Desktop/desk-new/cfd-openfoam/CHAPTERS/chap15/figures/bounda
ry.png Graphic file (type png)

<use /home/fossee/Desktop/desk-new/cfd-openfoam/CHAPTERS/chap15/figures/boundar
y.png>
Package pdftex.def Info: /home/fossee/Desktop/desk-new/cfd-openfoam/CHAPTERS/ch
ap15/figures/boundary.png used on input line 79.
(pdftex.def)             Requested size: 258.36281pt x 78.84532pt.

</home/fossee/Desktop/desk-new/cfd-openfoam/CHAPTERS/chap15/figures/controldict
.png, id=204, 529.98pt x 416.55624pt>
File: /home/fossee/Desktop/desk-new/cfd-openfoam/CHAPTERS/chap15/figures/contro
ldict.png Graphic file (type png)

<use /home/fossee/Desktop/desk-new/cfd-openfoam/CHAPTERS/chap15/figures/control
dict.png>
Package pdftex.def Info: /home/fossee/Desktop/desk-new/cfd-openfoam/CHAPTERS/ch
ap15/figures/controldict.png used on input line 95.
(pdftex.def)             Requested size: 258.36281pt x 203.07193pt.


LaTeX Warning: `h' float specifier changed to `ht'.


</home/fossee/Desktop/desk-new/cfd-openfoam/CHAPTERS/chap15/figures/geom-paravi
ew.png, id=205, 1012.78375pt x 694.595pt>
File: /home/fossee/Desktop/desk-new/cfd-openfoam/CHAPTERS/chap15/figures/geom-p
araview.png Graphic file (type png)

<use /home/fossee/Desktop/desk-new/cfd-openfoam/CHAPTERS/chap15/figures/geom-pa
raview.png>
Package pdftex.def Info: /home/fossee/Desktop/desk-new/cfd-openfoam/CHAPTERS/ch
ap15/figures/geom-paraview.png used on input line 112.
(pdftex.def)             Requested size: 258.36281pt x 177.18826pt.


LaTeX Warning: `h' float specifier changed to `ht'.


</home/fossee/Desktop/desk-new/cfd-openfoam/CHAPTERS/chap15/figures/vel.png, id
=206, 1011.78pt x 690.58pt>
File: /home/fossee/Desktop/desk-new/cfd-openfoam/CHAPTERS/chap15/figures/vel.pn
g Graphic file (type png)

<use /home/fossee/Desktop/desk-new/cfd-openfoam/CHAPTERS/chap15/figures/vel.png
>
Package pdftex.def Info: /home/fossee/Desktop/desk-new/cfd-openfoam/CHAPTERS/ch
ap15/figures/vel.png used on input line 119.
(pdftex.def)             Requested size: 258.36281pt x 176.34319pt.


LaTeX Warning: `h' float specifier changed to `ht'.


</home/fossee/Desktop/desk-new/cfd-openfoam/CHAPTERS/chap15/figures/vel-1.png, 
id=207, 1013.7875pt x 692.5875pt>
File: /home/fossee/Desktop/desk-new/cfd-openfoam/CHAPTERS/chap15/figures/vel-1.
png Graphic file (type png)

<use /home/fossee/Desktop/desk-new/cfd-openfoam/CHAPTERS/chap15/figures/vel-1.p
ng>
Package pdftex.def Info: /home/fossee/Desktop/desk-new/cfd-openfoam/CHAPTERS/ch
ap15/figures/vel-1.png used on input line 126.
(pdftex.def)             Requested size: 258.36281pt x 176.4965pt.


LaTeX Warning: `h' float specifier changed to `ht'.

[42 </home/fossee/Desktop/desk-new/cfd-openfoam/CHAPTERS/chap15/figures/boundar
y.png>] [43 </home/fossee/Desktop/desk-new/cfd-openfoam/CHAPTERS/chap15/figures
/controldict.png> </home/fossee/Desktop/desk-new/cfd-openfoam/CHAPTERS/chap15/f
igures/geom-paraview.png>]) (./CHAPTERS/chap16/chapter16.tex [44 </home/fossee/
Desktop/desk-new/cfd-openfoam/CHAPTERS/chap15/figures/vel.png> </home/fossee/De
sktop/desk-new/cfd-openfoam/CHAPTERS/chap15/figures/vel-1.png>]
Chapter 8.

</home/fossee/Desktop/desk-new/cfd-openfoam/CHAPTERS/chap16/figures/synaptic-gm
sh.png, id=218, 1208.515pt x 220.825pt>
File: /home/fossee/Desktop/desk-new/cfd-openfoam/CHAPTERS/chap16/figures/synapt
ic-gmsh.png Graphic file (type png)

<use /home/fossee/Desktop/desk-new/cfd-openfoam/CHAPTERS/chap16/figures/synapti
c-gmsh.png>
Package pdftex.def Info: /home/fossee/Desktop/desk-new/cfd-openfoam/CHAPTERS/ch
ap16/figures/synaptic-gmsh.png used on input line 20.
(pdftex.def)             Requested size: 386.7327pt x 70.66544pt.
 [45

 </home/fossee/Desktop/desk-new/cfd-openfoam/CHAPTERS/chap16/figures/synaptic-g
msh.png>]
</home/fossee/Desktop/desk-new/cfd-openfoam/CHAPTERS/chap16/figures/download-gm
sh.png, id=222, 907.39pt x 201.75375pt>
File: /home/fossee/Desktop/desk-new/cfd-openfoam/CHAPTERS/chap16/figures/downlo
ad-gmsh.png Graphic file (type png)

<use /home/fossee/Desktop/desk-new/cfd-openfoam/CHAPTERS/chap16/figures/downloa
d-gmsh.png>
Package pdftex.def Info: /home/fossee/Desktop/desk-new/cfd-openfoam/CHAPTERS/ch
ap16/figures/download-gmsh.png used on input line 36.
(pdftex.def)             Requested size: 319.40503pt x 71.01814pt.

</home/fossee/Desktop/desk-new/cfd-openfoam/CHAPTERS/chap16/figures/gmsh-icon.p
ng, id=223, 601.24625pt x 226.8475pt>
File: /home/fossee/Desktop/desk-new/cfd-openfoam/CHAPTERS/chap16/figures/gmsh-i
con.png Graphic file (type png)

<use /home/fossee/Desktop/desk-new/cfd-openfoam/CHAPTERS/chap16/figures/gmsh-ic
on.png>
Package pdftex.def Info: /home/fossee/Desktop/desk-new/cfd-openfoam/CHAPTERS/ch
ap16/figures/gmsh-icon.png used on input line 44.
(pdftex.def)             Requested size: 156.32033pt x 58.97894pt.
 [46 </home/fossee/Desktop/desk-new/cfd-openfoam/CHAPTERS/chap16/figures/downlo
ad-gmsh.png> </home/fossee/Desktop/desk-new/cfd-openfoam/CHAPTERS/chap16/figure
s/gmsh-icon.png>]
</home/fossee/Desktop/desk-new/cfd-openfoam/CHAPTERS/chap16/figures/gmsh-start.
png, id=227, 949.5475pt x 675.52374pt>
File: /home/fossee/Desktop/desk-new/cfd-openfoam/CHAPTERS/chap16/figures/gmsh-s
tart.png Graphic file (type png)

<use /home/fossee/Desktop/desk-new/cfd-openfoam/CHAPTERS/chap16/figures/gmsh-st
art.png>
Package pdftex.def Info: /home/fossee/Desktop/desk-new/cfd-openfoam/CHAPTERS/ch
ap16/figures/gmsh-start.png used on input line 73.
(pdftex.def)             Requested size: 265.87149pt x 189.14536pt.

</home/fossee/Desktop/desk-new/cfd-openfoam/CHAPTERS/chap16/figures/geometry1.p
ng, id=228, 877.2775pt x 552.0625pt>
File: /home/fossee/Desktop/desk-new/cfd-openfoam/CHAPTERS/chap16/figures/geomet
ry1.png Graphic file (type png)

<use /home/fossee/Desktop/desk-new/cfd-openfoam/CHAPTERS/chap16/figures/geometr
y1.png>
Package pdftex.def Info: /home/fossee/Desktop/desk-new/cfd-openfoam/CHAPTERS/ch
ap16/figures/geometry1.png used on input line 81.
(pdftex.def)             Requested size: 245.63602pt x 154.57643pt.

</home/fossee/Desktop/desk-new/cfd-openfoam/CHAPTERS/chap16/figures/point-gmsh.
png, id=229, 367.3725pt x 244.915pt>
File: /home/fossee/Desktop/desk-new/cfd-openfoam/CHAPTERS/chap16/figures/point-
gmsh.png Graphic file (type png)

<use /home/fossee/Desktop/desk-new/cfd-openfoam/CHAPTERS/chap16/figures/point-g
msh.png>
Package pdftex.def Info: /home/fossee/Desktop/desk-new/cfd-openfoam/CHAPTERS/ch
ap16/figures/point-gmsh.png used on input line 89.
(pdftex.def)             Requested size: 102.86359pt x 68.57571pt.

</home/fossee/Desktop/desk-new/cfd-openfoam/CHAPTERS/chap16/figures/cube-gmsh.p
ng, id=230, 946.53625pt x 672.5125pt>
File: /home/fossee/Desktop/desk-new/cfd-openfoam/CHAPTERS/chap16/figures/cube-g
msh.png Graphic file (type png)

<use /home/fossee/Desktop/desk-new/cfd-openfoam/CHAPTERS/chap16/figures/cube-gm
sh.png>
Package pdftex.def Info: /home/fossee/Desktop/desk-new/cfd-openfoam/CHAPTERS/ch
ap16/figures/cube-gmsh.png used on input line 97.
(pdftex.def)             Requested size: 265.02834pt x 188.30222pt.

</home/fossee/Desktop/desk-new/cfd-openfoam/CHAPTERS/chap16/figures/face-red.pn
g, id=231, 922.44624pt x 674.52pt>
File: /home/fossee/Desktop/desk-new/cfd-openfoam/CHAPTERS/chap16/figures/face-r
ed.png Graphic file (type png)

<use /home/fossee/Desktop/desk-new/cfd-openfoam/CHAPTERS/chap16/figures/face-re
d.png>
Package pdftex.def Info: /home/fossee/Desktop/desk-new/cfd-openfoam/CHAPTERS/ch
ap16/figures/face-red.png used on input line 112.
(pdftex.def)             Requested size: 258.28319pt x 188.8643pt.

</home/fossee/Desktop/desk-new/cfd-openfoam/CHAPTERS/chap16/figures/face-cl.png
, id=232, 944.52875pt x 673.51625pt>
File: /home/fossee/Desktop/desk-new/cfd-openfoam/CHAPTERS/chap16/figures/face-c
l.png Graphic file (type png)

<use /home/fossee/Desktop/desk-new/cfd-openfoam/CHAPTERS/chap16/figures/face-cl
.png>
Package pdftex.def Info: /home/fossee/Desktop/desk-new/cfd-openfoam/CHAPTERS/ch
ap16/figures/face-cl.png used on input line 121.
(pdftex.def)             Requested size: 264.46625pt x 188.58325pt.

</home/fossee/Desktop/desk-new/cfd-openfoam/CHAPTERS/chap16/figures/face-all.pn
g, id=233, 943.525pt x 674.52pt>
File: /home/fossee/Desktop/desk-new/cfd-openfoam/CHAPTERS/chap16/figures/face-a
ll.png Graphic file (type png)

<use /home/fossee/Desktop/desk-new/cfd-openfoam/CHAPTERS/chap16/figures/face-al
l.png>
Package pdftex.def Info: /home/fossee/Desktop/desk-new/cfd-openfoam/CHAPTERS/ch
ap16/figures/face-all.png used on input line 129.
(pdftex.def)             Requested size: 264.1852pt x 188.8643pt.

Underfull \vbox (badness 10000) has occurred while \output is active []

 [47 </home/fossee/Desktop/desk-new/cfd-openfoam/CHAPTERS/chap16/figures/gmsh-s
tart.png>]
</home/fossee/Desktop/desk-new/cfd-openfoam/CHAPTERS/chap16/figures/vol-gmsh.pn
g, id=238, 947.54pt x 678.535pt>
File: /home/fossee/Desktop/desk-new/cfd-openfoam/CHAPTERS/chap16/figures/vol-gm
sh.png Graphic file (type png)

<use /home/fossee/Desktop/desk-new/cfd-openfoam/CHAPTERS/chap16/figures/vol-gms
h.png>
Package pdftex.def Info: /home/fossee/Desktop/desk-new/cfd-openfoam/CHAPTERS/ch
ap16/figures/vol-gmsh.png used on input line 143.
(pdftex.def)             Requested size: 265.30939pt x 189.9885pt.
 [48 </home/fossee/Desktop/desk-new/cfd-openfoam/CHAPTERS/chap16/figures/geomet
ry1.png> </home/fossee/Desktop/desk-new/cfd-openfoam/CHAPTERS/chap16/figures/po
int-gmsh.png>]) (./CHAPTERS/chap17/chapter17.tex [49 </home/fossee/Desktop/desk
-new/cfd-openfoam/CHAPTERS/chap16/figures/cube-gmsh.png> </home/fossee/Desktop/
desk-new/cfd-openfoam/CHAPTERS/chap16/figures/face-red.png>] [50 </home/fossee/
Desktop/desk-new/cfd-openfoam/CHAPTERS/chap16/figures/face-cl.png> </home/fosse
e/Desktop/desk-new/cfd-openfoam/CHAPTERS/chap16/figures/face-all.png>]
[51 </home/fossee/Desktop/desk-new/cfd-openfoam/CHAPTERS/chap16/figures/vol-gms
h.png>] [52

]
Chapter 9.
[53]
</home/fossee/Desktop/desk-new/cfd-openfoam/CHAPTERS/chap17/figures/gmshpts.png
, id=258, 942.52126pt x 774.895pt>
File: /home/fossee/Desktop/desk-new/cfd-openfoam/CHAPTERS/chap17/figures/gmshpt
s.png Graphic file (type png)

<use /home/fossee/Desktop/desk-new/cfd-openfoam/CHAPTERS/chap17/figures/gmshpts
.png>
Package pdftex.def Info: /home/fossee/Desktop/desk-new/cfd-openfoam/CHAPTERS/ch
ap17/figures/gmshpts.png used on input line 28.
(pdftex.def)             Requested size: 235.62973pt x 193.72327pt.

</home/fossee/Desktop/desk-new/cfd-openfoam/CHAPTERS/chap17/figures/point1.png,
 id=259, 943.525pt x 772.8875pt>
File: /home/fossee/Desktop/desk-new/cfd-openfoam/CHAPTERS/chap17/figures/point1
.png Graphic file (type png)

<use /home/fossee/Desktop/desk-new/cfd-openfoam/CHAPTERS/chap17/figures/point1.
png>
Package pdftex.def Info: /home/fossee/Desktop/desk-new/cfd-openfoam/CHAPTERS/ch
ap17/figures/point1.png used on input line 39.
(pdftex.def)             Requested size: 235.88066pt x 193.22139pt.


LaTeX Warning: `h' float specifier changed to `ht'.


</home/fossee/Desktop/desk-new/cfd-openfoam/CHAPTERS/chap17/figures/point2.png,
 id=260, 945.5325pt x 774.895pt>
File: /home/fossee/Desktop/desk-new/cfd-openfoam/CHAPTERS/chap17/figures/point2
.png Graphic file (type png)

<use /home/fossee/Desktop/desk-new/cfd-openfoam/CHAPTERS/chap17/figures/point2.
png>
Package pdftex.def Info: /home/fossee/Desktop/desk-new/cfd-openfoam/CHAPTERS/ch
ap17/figures/point2.png used on input line 48.
(pdftex.def)             Requested size: 236.38254pt x 193.72327pt.


LaTeX Warning: `h' float specifier changed to `ht'.


</home/fossee/Desktop/desk-new/cfd-openfoam/CHAPTERS/chap17/figures/point3.png,
 id=261, 940.51375pt x 776.9025pt>
File: /home/fossee/Desktop/desk-new/cfd-openfoam/CHAPTERS/chap17/figures/point3
.png Graphic file (type png)

<use /home/fossee/Desktop/desk-new/cfd-openfoam/CHAPTERS/chap17/figures/point3.
png>
Package pdftex.def Info: /home/fossee/Desktop/desk-new/cfd-openfoam/CHAPTERS/ch
ap17/figures/point3.png used on input line 57.
(pdftex.def)             Requested size: 235.12785pt x 194.22514pt.


LaTeX Warning: `h' float specifier changed to `ht'.


LaTeX Warning: Reference `' on page 54 undefined on input line 62.


</home/fossee/Desktop/desk-new/cfd-openfoam/CHAPTERS/chap17/figures/sphere.png,
 id=262, 943.525pt x 773.89125pt>
File: /home/fossee/Desktop/desk-new/cfd-openfoam/CHAPTERS/chap17/figures/sphere
.png Graphic file (type png)

<use /home/fossee/Desktop/desk-new/cfd-openfoam/CHAPTERS/chap17/figures/sphere.
png>
Package pdftex.def Info: /home/fossee/Desktop/desk-new/cfd-openfoam/CHAPTERS/ch
ap17/figures/sphere.png used on input line 66.
(pdftex.def)             Requested size: 235.88066pt x 193.47234pt.


LaTeX Warning: `h' float specifier changed to `ht'.

[54 </home/fossee/Desktop/desk-new/cfd-openfoam/CHAPTERS/chap17/figures/gmshpts
.png>]
Underfull \vbox (badness 1102) has occurred while \output is active []

 [55 </home/fossee/Desktop/desk-new/cfd-openfoam/CHAPTERS/chap17/figures/point1
.png> </home/fossee/Desktop/desk-new/cfd-openfoam/CHAPTERS/chap17/figures/point
2.png>]
</home/fossee/Desktop/desk-new/cfd-openfoam/CHAPTERS/chap17/figures/surface.png
, id=269, 943.525pt x 771.88374pt>
File: /home/fossee/Desktop/desk-new/cfd-openfoam/CHAPTERS/chap17/figures/surfac
e.png Graphic file (type png)

<use /home/fossee/Desktop/desk-new/cfd-openfoam/CHAPTERS/chap17/figures/surface
.png>
Package pdftex.def Info: /home/fossee/Desktop/desk-new/cfd-openfoam/CHAPTERS/ch
ap17/figures/surface.png used on input line 77.
(pdftex.def)             Requested size: 235.88066pt x 192.97046pt.


LaTeX Warning: `h' float specifier changed to `ht'.


</home/fossee/Desktop/desk-new/cfd-openfoam/CHAPTERS/chap17/figures/surf1.png, 
id=270, 941.5175pt x 772.8875pt>
File: /home/fossee/Desktop/desk-new/cfd-openfoam/CHAPTERS/chap17/figures/surf1.
png Graphic file (type png)

<use /home/fossee/Desktop/desk-new/cfd-openfoam/CHAPTERS/chap17/figures/surf1.p
ng>
Package pdftex.def Info: /home/fossee/Desktop/desk-new/cfd-openfoam/CHAPTERS/ch
ap17/figures/surf1.png used on input line 84.
(pdftex.def)             Requested size: 235.3788pt x 193.22139pt.


LaTeX Warning: `h' float specifier changed to `ht'.


</home/fossee/Desktop/desk-new/cfd-openfoam/CHAPTERS/chap17/figures/surf2.png, 
id=271, 944.52875pt x 773.89125pt>
File: /home/fossee/Desktop/desk-new/cfd-openfoam/CHAPTERS/chap17/figures/surf2.
png Graphic file (type png)

<use /home/fossee/Desktop/desk-new/cfd-openfoam/CHAPTERS/chap17/figures/surf2.p
ng>
Package pdftex.def Info: /home/fossee/Desktop/desk-new/cfd-openfoam/CHAPTERS/ch
ap17/figures/surf2.png used on input line 91.
(pdftex.def)             Requested size: 236.1316pt x 193.47234pt.


LaTeX Warning: `h' float specifier changed to `ht'.


Underfull \vbox (badness 10000) has occurred while \output is active []

 [56 </home/fossee/Desktop/desk-new/cfd-openfoam/CHAPTERS/chap17/figures/point3
.png> </home/fossee/Desktop/desk-new/cfd-openfoam/CHAPTERS/chap17/figures/spher
e.png>]
[57 </home/fossee/Desktop/desk-new/cfd-openfoam/CHAPTERS/chap17/figures/surface
.png> </home/fossee/Desktop/desk-new/cfd-openfoam/CHAPTERS/chap17/figures/surf1
.png>]
</home/fossee/Desktop/desk-new/cfd-openfoam/CHAPTERS/chap17/figures/var.png, id
=278, 387.4475pt x 264.99pt>
File: /home/fossee/Desktop/desk-new/cfd-openfoam/CHAPTERS/chap17/figures/var.pn
g Graphic file (type png)

<use /home/fossee/Desktop/desk-new/cfd-openfoam/CHAPTERS/chap17/figures/var.png
>
Package pdftex.def Info: /home/fossee/Desktop/desk-new/cfd-openfoam/CHAPTERS/ch
ap17/figures/var.png used on input line 106.
(pdftex.def)             Requested size: 135.60864pt x 92.74788pt.
 [58 </home/fossee/Desktop/desk-new/cfd-openfoam/CHAPTERS/chap17/figures/surf2.
png> </home/fossee/Desktop/desk-new/cfd-openfoam/CHAPTERS/chap17/figures/var.pn
g>]
</home/fossee/Desktop/desk-new/cfd-openfoam/CHAPTERS/chap17/figures/surf4.png, 
id=282, 943.525pt x 777.90625pt>
File: /home/fossee/Desktop/desk-new/cfd-openfoam/CHAPTERS/chap17/figures/surf4.
png Graphic file (type png)

<use /home/fossee/Desktop/desk-new/cfd-openfoam/CHAPTERS/chap17/figures/surf4.p
ng>
Package pdftex.def Info: /home/fossee/Desktop/desk-new/cfd-openfoam/CHAPTERS/ch
ap17/figures/surf4.png used on input line 137.
(pdftex.def)             Requested size: 235.88066pt x 194.47607pt.


LaTeX Warning: `h' float specifier changed to `ht'.

) (./CHAPTERS/chap18/chapter18.tex [59] [60 </home/fossee/Desktop/desk-new/cfd-
openfoam/CHAPTERS/chap17/figures/surf4.png>]
Chapter 10.

</home/fossee/Desktop/desk-new/cfd-openfoam/CHAPTERS/chap18/figures/geom.png, i
d=290, 1028.34187pt x 578.16pt>
File: /home/fossee/Desktop/desk-new/cfd-openfoam/CHAPTERS/chap18/figures/geom.p
ng Graphic file (type png)

<use /home/fossee/Desktop/desk-new/cfd-openfoam/CHAPTERS/chap18/figures/geom.pn
g>
Package pdftex.def Info: /home/fossee/Desktop/desk-new/cfd-openfoam/CHAPTERS/ch
ap18/figures/geom.png used on input line 14.
(pdftex.def)             Requested size: 359.92505pt x 202.35902pt.


LaTeX Warning: `h' float specifier changed to `ht'.


Underfull \vbox (badness 7963) has occurred while \output is active []

 [61

]
</home/fossee/Desktop/desk-new/cfd-openfoam/CHAPTERS/chap18/figures/final.png, 
id=295, 940.51375pt x 772.8875pt>
File: /home/fossee/Desktop/desk-new/cfd-openfoam/CHAPTERS/chap18/figures/final.
png Graphic file (type png)

<use /home/fossee/Desktop/desk-new/cfd-openfoam/CHAPTERS/chap18/figures/final.p
ng>
Package pdftex.def Info: /home/fossee/Desktop/desk-new/cfd-openfoam/CHAPTERS/ch
ap18/figures/final.png used on input line 38.
(pdftex.def)             Requested size: 329.18474pt x 270.51468pt.


LaTeX Warning: `h' float specifier changed to `ht'.

[62 </home/fossee/Desktop/desk-new/cfd-openfoam/CHAPTERS/chap18/figures/geom.pn
g>]
</home/fossee/Desktop/desk-new/cfd-openfoam/CHAPTERS/chap18/figures/surf.png, i
d=300, 943.525pt x 774.895pt>
File: /home/fossee/Desktop/desk-new/cfd-openfoam/CHAPTERS/chap18/figures/surf.p
ng Graphic file (type png)

<use /home/fossee/Desktop/desk-new/cfd-openfoam/CHAPTERS/chap18/figures/surf.pn
g>
Package pdftex.def Info: /home/fossee/Desktop/desk-new/cfd-openfoam/CHAPTERS/ch
ap18/figures/surf.png used on input line 49.
(pdftex.def)             Requested size: 330.2387pt x 271.21732pt.


LaTeX Warning: `h' float specifier changed to `ht'.


</home/fossee/Desktop/desk-new/cfd-openfoam/CHAPTERS/chap18/figures/surf1.png, 
id=301, 941.5175pt x 773.89125pt>
File: /home/fossee/Desktop/desk-new/cfd-openfoam/CHAPTERS/chap18/figures/surf1.
png Graphic file (type png)

<use /home/fossee/Desktop/desk-new/cfd-openfoam/CHAPTERS/chap18/figures/surf1.p
ng>
Package pdftex.def Info: /home/fossee/Desktop/desk-new/cfd-openfoam/CHAPTERS/ch
ap18/figures/surf1.png used on input line 56.
(pdftex.def)             Requested size: 329.53606pt x 270.866pt.


LaTeX Warning: `h' float specifier changed to `ht'.

[63 </home/fossee/Desktop/desk-new/cfd-openfoam/CHAPTERS/chap18/figures/final.p
ng>]
</home/fossee/Desktop/desk-new/cfd-openfoam/CHAPTERS/chap18/figures/inlet.png, 
id=305, 946.53625pt x 775.89874pt>
File: /home/fossee/Desktop/desk-new/cfd-openfoam/CHAPTERS/chap18/figures/inlet.
png Graphic file (type png)

<use /home/fossee/Desktop/desk-new/cfd-openfoam/CHAPTERS/chap18/figures/inlet.p
ng>
Package pdftex.def Info: /home/fossee/Desktop/desk-new/cfd-openfoam/CHAPTERS/ch
ap18/figures/inlet.png used on input line 70.
(pdftex.def)             Requested size: 331.29265pt x 271.56862pt.


LaTeX Warning: `h' float specifier changed to `ht'.


</home/fossee/Desktop/desk-new/cfd-openfoam/CHAPTERS/chap18/figures/out.png, id
=306, 941.5175pt x 774.895pt>
File: /home/fossee/Desktop/desk-new/cfd-openfoam/CHAPTERS/chap18/figures/out.pn
g Graphic file (type png)

<use /home/fossee/Desktop/desk-new/cfd-openfoam/CHAPTERS/chap18/figures/out.png
>
Package pdftex.def Info: /home/fossee/Desktop/desk-new/cfd-openfoam/CHAPTERS/ch
ap18/figures/out.png used on input line 77.
(pdftex.def)             Requested size: 329.53606pt x 271.21732pt.


LaTeX Warning: `h' float specifier changed to `ht'.


</home/fossee/Desktop/desk-new/cfd-openfoam/CHAPTERS/chap18/figures/walls.png, 
id=307, 941.5175pt x 771.88374pt>
File: /home/fossee/Desktop/desk-new/cfd-openfoam/CHAPTERS/chap18/figures/walls.
png Graphic file (type png)

<use /home/fossee/Desktop/desk-new/cfd-openfoam/CHAPTERS/chap18/figures/walls.p
ng>
Package pdftex.def Info: /home/fossee/Desktop/desk-new/cfd-openfoam/CHAPTERS/ch
ap18/figures/walls.png used on input line 84.
(pdftex.def)             Requested size: 329.53606pt x 270.16335pt.


LaTeX Warning: `h' float specifier changed to `ht'.

[64 </home/fossee/Desktop/desk-new/cfd-openfoam/CHAPTERS/chap18/figures/surf.pn
g>] [65 </home/fossee/Desktop/desk-new/cfd-openfoam/CHAPTERS/chap18/figures/sur
f1.png>] [66 </home/fossee/Desktop/desk-new/cfd-openfoam/CHAPTERS/chap18/figure
s/inlet.png>]

LaTeX Warning: Reference `(' on page 67 undefined on input line 143.


LaTeX Warning: Reference `2d' on page 67 undefined on input line 143.


LaTeX Warning: Reference `3d' on page 67 undefined on input line 143.

[67 </home/fossee/Desktop/desk-new/cfd-openfoam/CHAPTERS/chap18/figures/out.png
>]
</home/fossee/Desktop/desk-new/cfd-openfoam/CHAPTERS/chap18/figures/1d.png, id=
321, 942.52126pt x 773.89125pt>
File: /home/fossee/Desktop/desk-new/cfd-openfoam/CHAPTERS/chap18/figures/1d.png
 Graphic file (type png)

<use /home/fossee/Desktop/desk-new/cfd-openfoam/CHAPTERS/chap18/figures/1d.png>
Package pdftex.def Info: /home/fossee/Desktop/desk-new/cfd-openfoam/CHAPTERS/ch
ap18/figures/1d.png used on input line 147.
(pdftex.def)             Requested size: 329.88739pt x 270.866pt.

LaTeX Warning: `h' float specifier changed to `ht'.


</home/fossee/Desktop/desk-new/cfd-openfoam/CHAPTERS/chap18/figures/2d.png, id=
322, 944.52875pt x 773.89125pt>
File: /home/fossee/Desktop/desk-new/cfd-openfoam/CHAPTERS/chap18/figures/2d.png
 Graphic file (type png)

<use /home/fossee/Desktop/desk-new/cfd-openfoam/CHAPTERS/chap18/figures/2d.png>
Package pdftex.def Info: /home/fossee/Desktop/desk-new/cfd-openfoam/CHAPTERS/ch
ap18/figures/2d.png used on input line 154.
(pdftex.def)             Requested size: 330.59001pt x 270.866pt.

LaTeX Warning: `h' float specifier changed to `ht'.


</home/fossee/Desktop/desk-new/cfd-openfoam/CHAPTERS/chap18/figures/3d.png, id=
323, 943.525pt x 774.895pt>
File: /home/fossee/Desktop/desk-new/cfd-openfoam/CHAPTERS/chap18/figures/3d.png
 Graphic file (type png)

<use /home/fossee/Desktop/desk-new/cfd-openfoam/CHAPTERS/chap18/figures/3d.png>
Package pdftex.def Info: /home/fossee/Desktop/desk-new/cfd-openfoam/CHAPTERS/ch
ap18/figures/3d.png used on input line 162.
(pdftex.def)             Requested size: 330.2387pt x 271.21732pt.

LaTeX Warning: `h' float specifier changed to `ht'.

) [68 </home/fossee/Desktop/desk-new/cfd-openfoam/CHAPTERS/chap18/figures/walls
.png>] [69 </home/fossee/Desktop/desk-new/cfd-openfoam/CHAPTERS/chap18/figures/
1d.png>] [70 </home/fossee/Desktop/desk-new/cfd-openfoam/CHAPTERS/chap18/figure
s/2d.png>] [71 </home/fossee/Desktop/desk-new/cfd-openfoam/CHAPTERS/chap18/figu
res/3d.png>] (./of_book.aux)

LaTeX Warning: There were undefined references.


LaTeX Warning: There were multiply-defined labels.

 ) 
Here is how much of TeX's memory you used:
 6355 strings out of 494976
 110379 string characters out of 6180005
 176265 words of memory out of 5000000
 9352 multiletter control sequences out of 15000+600000
 11183 words of font info for 39 fonts, out of 8000000 for 9000
 38 hyphenation exceptions out of 8191
 44i,7n,43p,1936b,327s stack positions out of 5000i,500n,10000p,200000b,80000s
</usr/share/texlive/texmf-dist/fonts/type1/public/amsfonts/cm/cmbx10.pfb></us
r/share/texlive/texmf-dist/fonts/type1/public/amsfonts/cm/cmbx12.pfb></usr/shar
e/texlive/texmf-dist/fonts/type1/public/amsfonts/cm/cmmi10.pfb></usr/share/texl
ive/texmf-dist/fonts/type1/public/amsfonts/cm/cmmi8.pfb></usr/share/texlive/tex
mf-dist/fonts/type1/public/amsfonts/cm/cmr10.pfb></usr/share/texlive/texmf-dist
/fonts/type1/public/amsfonts/cm/cmr6.pfb></usr/share/texlive/texmf-dist/fonts/t
ype1/public/amsfonts/cm/cmr8.pfb></usr/share/texlive/texmf-dist/fonts/type1/pub
lic/amsfonts/cm/cmsl10.pfb></usr/share/texlive/texmf-dist/fonts/type1/public/am
sfonts/cm/cmsy10.pfb></usr/share/texlive/texmf-dist/fonts/type1/public/amsfonts
/cm/cmsy8.pfb></usr/share/texlive/texmf-dist/fonts/type1/public/amsfonts/cm/cmt
i10.pfb>
Output written on of_book.pdf (79 pages, 3467401 bytes).
PDF statistics:
 377 PDF objects out of 1000 (max. 8388607)
 211 compressed objects within 3 object streams
 0 named destinations out of 1000 (max. 500000)
 351 words of extra memory for PDF output out of 10000 (max. 10000000)

